<?xml version="1.0" encoding="UTF-8"?>
<!-- Generated by org.testng.reporters.JUnitReportReporter -->
<testsuite hostname="Lakshmikanths-MacBook-Pro.local" failures="0" tests="1" name="Test.TestLeaveType" time="3.537" errors="0" timestamp="10 Apr 2021 02:38:17 GMT" skipped="0">
  <testcase classname="Test.TestLeaveType" name="createLeave" time="3.537"/>
</testsuite> <!-- Test.TestLeaveType -->
